Aug-08 12:18:20.285 [main] DEBUG nextflow.cli.Launcher - $> nextflow run main.nf -params-file /mnt/archive/work/slowney/demo/inputs/demo_params_genome.json -profile poc_base
Aug-08 12:18:20.426 [main] DEBUG nextflow.cli.CmdRun - N E X T F L O W  ~  version 24.04.3
Aug-08 12:18:20.457 [main] DEBUG nextflow.plugin.PluginsFacade - Setting up plugin manager > mode=prod; embedded=false; plugins-dir=/home/slowney/.nextflow/plugins; core-plugins: nf-amazon@2.5.2,nf-azure@1.6.0,nf-cloudcache@0.4.1,nf-codecommit@0.2.0,nf-console@1.1.3,nf-ga4gh@1.3.0,nf-google@1.13.2-patch1,nf-tower@1.9.1,nf-wave@1.4.2
Aug-08 12:18:20.475 [main] INFO  o.pf4j.DefaultPluginStatusProvider - Enabled plugins: []
Aug-08 12:18:20.477 [main] INFO  o.pf4j.DefaultPluginStatusProvider - Disabled plugins: []
Aug-08 12:18:20.482 [main] INFO  org.pf4j.DefaultPluginManager - PF4J version 3.10.0 in 'deployment' mode
Aug-08 12:18:20.502 [main] INFO  org.pf4j.AbstractPluginManager - No plugins
Aug-08 12:18:20.537 [main] DEBUG nextflow.config.ConfigBuilder - Found config local: /mnt/archive/work/slowney/demo/demo_yourworkflow/nextflow.config
Aug-08 12:18:20.541 [main] DEBUG nextflow.config.ConfigBuilder - Parsing config file: /mnt/archive/work/slowney/demo/demo_yourworkflow/nextflow.config
Aug-08 12:18:20.585 [main] DEBUG n.secret.LocalSecretsProvider - Secrets store: /home/slowney/.nextflow/secrets/store.json
Aug-08 12:18:20.590 [main] DEBUG nextflow.secret.SecretsLoader - Discovered secrets providers: [nextflow.secret.LocalSecretsProvider@5baaae4c] - activable => nextflow.secret.LocalSecretsProvider@5baaae4c
Aug-08 12:18:20.673 [main] DEBUG nextflow.config.ConfigBuilder - Applying config profile: `poc_base`
Aug-08 12:18:23.081 [main] DEBUG nextflow.config.ConfigBuilder - Available config profiles: [poc_eks, poc_base, poc_slurm, test, test_full]
Aug-08 12:18:23.166 [main] DEBUG nextflow.cli.CmdRun - Applied DSL=2 from script declaration
Aug-08 12:18:23.191 [main] DEBUG nextflow.cli.CmdRun - Launching `main.nf` [peaceful_mestorf] DSL2 - revision: 48d7b0b177
Aug-08 12:18:23.194 [main] DEBUG nextflow.plugin.PluginsFacade - Plugins declared=[nf-validation@1.1.3]
Aug-08 12:18:23.194 [main] DEBUG nextflow.plugin.PluginsFacade - Plugins default=[]
Aug-08 12:18:23.195 [main] DEBUG nextflow.plugin.PluginsFacade - Plugins resolved requirement=[nf-validation@1.1.3]
Aug-08 12:18:23.196 [main] DEBUG nextflow.plugin.PluginUpdater - Installing plugin nf-validation version: 1.1.3
Aug-08 12:18:23.216 [main] INFO  org.pf4j.AbstractPluginManager - Plugin 'nf-validation@1.1.3' resolved
Aug-08 12:18:23.216 [main] INFO  org.pf4j.AbstractPluginManager - Start plugin 'nf-validation@1.1.3'
Aug-08 12:18:23.230 [main] DEBUG nextflow.plugin.BasePlugin - Plugin started nf-validation@1.1.3
Aug-08 12:18:23.309 [main] DEBUG nextflow.Session - Session UUID: c7ccb29e-b837-437c-a86a-524239031ef6
Aug-08 12:18:23.310 [main] DEBUG nextflow.Session - Run name: peaceful_mestorf
Aug-08 12:18:23.312 [main] DEBUG nextflow.Session - Executor pool size: 64
Aug-08 12:18:23.324 [main] DEBUG nextflow.file.FilePorter - File porter settings maxRetries=3; maxTransfers=50; pollTimeout=null
Aug-08 12:18:23.332 [main] DEBUG nextflow.util.ThreadPoolBuilder - Creating thread pool 'FileTransfer' minSize=10; maxSize=192; workQueue=LinkedBlockingQueue[10000]; allowCoreThreadTimeout=false
Aug-08 12:18:23.363 [main] DEBUG nextflow.cli.CmdRun - 
  Version: 24.04.3 build 5916
  Created: 09-07-2024 19:35 UTC (14:35 CDT)
  System: Linux 4.18.0-513.24.1.el8_9.x86_64
  Runtime: Groovy 4.0.21 on OpenJDK 64-Bit Server VM 17.0.11-internal+0-adhoc..src
  Encoding: UTF-8 (UTF-8)
  Process: 4159435@CorHPC03 [10.1.22.30]
  CPUs: 64 - Mem: 251.6 GB (180.3 GB) - Swap: 2 GB (459.9 MB)
Aug-08 12:18:23.397 [main] DEBUG nextflow.Session - Work-dir: /mnt/archive/work/slowney/demo/demo_yourworkflow/work [nfs]
Aug-08 12:18:23.398 [main] DEBUG nextflow.Session - Script base path does not exist or is not a directory: /mnt/archive/work/slowney/demo/demo_yourworkflow/bin
Aug-08 12:18:23.415 [main] DEBUG nextflow.executor.ExecutorFactory - Extension executors providers=[]
Aug-08 12:18:23.427 [main] DEBUG nextflow.Session - Observer factory: DefaultObserverFactory
Aug-08 12:18:23.508 [main] DEBUG nextflow.cache.CacheFactory - Using Nextflow cache factory: nextflow.cache.DefaultCacheFactory
Aug-08 12:18:23.523 [main] DEBUG nextflow.util.CustomThreadPool - Creating default thread pool > poolSize: 65; maxThreads: 1000
Aug-08 12:18:23.632 [main] DEBUG nextflow.Session - Session start
Aug-08 12:18:23.635 [main] DEBUG nextflow.trace.TraceFileObserver - Workflow started -- trace file: /mnt/archive/work/slowney/demo/outputs/pipeline_info/execution_trace_2024-08-08_12-18-22.txt
Aug-08 12:18:23.959 [main] DEBUG nextflow.script.ScriptRunner - > Launching execution
Aug-08 12:18:24.142 [main] DEBUG nextflow.script.IncludeDef - Loading included plugin extensions with names: [paramsSummaryMap:paramsSummaryMap]; plugin Id: nf-validation
Aug-08 12:18:24.856 [main] DEBUG nextflow.script.IncludeDef - Loading included plugin extensions with names: [paramsHelp:paramsHelp]; plugin Id: nf-validation
Aug-08 12:18:24.858 [main] DEBUG nextflow.script.IncludeDef - Loading included plugin extensions with names: [paramsSummaryLog:paramsSummaryLog]; plugin Id: nf-validation
Aug-08 12:18:24.859 [main] DEBUG nextflow.script.IncludeDef - Loading included plugin extensions with names: [validateParameters:validateParameters]; plugin Id: nf-validation
Aug-08 12:18:24.865 [main] DEBUG nextflow.script.IncludeDef - Loading included plugin extensions with names: [paramsSummaryMap:paramsSummaryMap]; plugin Id: nf-validation
Aug-08 12:18:24.866 [main] DEBUG nextflow.script.IncludeDef - Loading included plugin extensions with names: [fromSamplesheet:fromSamplesheet]; plugin Id: nf-validation
Aug-08 12:18:27.115 [main] DEBUG nextflow.script.IncludeDef - Loading included plugin extensions with names: [paramsHelp:paramsHelp]; plugin Id: nf-validation
Aug-08 12:18:27.116 [main] DEBUG nextflow.script.IncludeDef - Loading included plugin extensions with names: [paramsSummaryLog:paramsSummaryLog]; plugin Id: nf-validation
Aug-08 12:18:27.118 [main] DEBUG nextflow.script.IncludeDef - Loading included plugin extensions with names: [validateParameters:validateParameters]; plugin Id: nf-validation
Aug-08 12:18:27.122 [main] DEBUG nextflow.script.IncludeDef - Loading included plugin extensions with names: [paramsSummaryMap:paramsSummaryMap]; plugin Id: nf-validation
Aug-08 12:18:27.123 [main] DEBUG nextflow.script.IncludeDef - Loading included plugin extensions with names: [fromSamplesheet:fromSamplesheet]; plugin Id: nf-validation
Aug-08 12:18:28.001 [main] DEBUG nextflow.Nextflow - Using schema file: nextflow_schema.json
Aug-08 12:18:28.005 [main] WARN  nextflow.script.ScriptBinding - Access to undefined parameter `monochromeLogs` -- Initialise it to a default value eg. `params.monochromeLogs = some_value`
Aug-08 12:18:28.016 [main] INFO  nextflow.Nextflow - 

-[2m----------------------------------------------------[0m-
                                        [0;32m,--.[0;30m/[0;32m,-.[0m
[0;34m        ___     __   __   __   ___     [0;32m/,-._.--~'[0m
[0;34m  |\ | |__  __ /  ` /  \ |__) |__         [0;33m}  {[0m
[0;34m  | \| |       \__, \__/ |  \ |___     [0;32m\`-._,-`-,[0m
                                        [0;32m`._,._,'[0m
[0;35m  demo/yourworkflow v1.0dev[0m
-[2m----------------------------------------------------[0m-
[1mCore Nextflow options[0m
  [0;34mrunName    : [0;32mpeaceful_mestorf[0m
  [0;34mlaunchDir  : [0;32m/mnt/archive/work/slowney/demo/demo_yourworkflow[0m
  [0;34mworkDir    : [0;32m/mnt/archive/work/slowney/demo/demo_yourworkflow/work[0m
  [0;34mprojectDir : [0;32m/mnt/archive/work/slowney/demo/demo_yourworkflow[0m
  [0;34muserName   : [0;32mslowney[0m
  [0;34mprofile    : [0;32mpoc_base[0m
  [0;34mconfigFiles: [0;32m[0m

[1mInput/output options[0m
  [0;34minput      : [0;32m/mnt/archive/work/slowney/demo/inputs/nfSS_small.csv[0m
  [0;34moutdir     : [0;32m/mnt/archive/work/slowney/demo/outputs[0m

[1mReference genome options[0m
  [0;34mgenome     : [0;32mIDT.hg19.local[0m
  [0;34mfasta      : [0;32m/mnt/archive/work/slowney/Genomes/hg19/hg19_primary.fa[0m
  [0;34mfasta_dict : [0;32m/mnt/archive/work/slowney/Genomes/hg19/hg19_primary.dict[0m
  [0;34mfasta_fai  : [0;32m/mnt/archive/work/slowney/Genomes/hg19/hg19_primary.fa.fai[0m
  [0;34mbwamem2    : [0;32m/mnt/archive/work/slowney/Genomes/hg19[0m

[1mOther parameters[0m
  [0;34msave_all   : [0;32mtrue[0m

!! Only displaying parameters that differ from the pipeline defaults !!
-[2m----------------------------------------------------[0m-
If you use demo/yourworkflow for your analysis please cite:

* The pipeline

* The nf-core framework
  https://doi.org/10.1038/s41587-020-0439-x

* Software dependencies
  https://github.com/demo/yourworkflow/blob/master/CITATIONS.md
-[2m----------------------------------------------------[0m-
Aug-08 12:18:28.019 [main] DEBUG nextflow.validation.SchemaValidator - Starting parameters validation
Aug-08 12:18:28.231 [main] DEBUG nextflow.validation.SchemaValidator - Starting validation: 'input': '/mnt/archive/work/slowney/demo/inputs/nfSS_small.csv' with 'assets/schema_input.json'
Aug-08 12:18:28.283 [main] DEBUG nextflow.validation.SchemaValidator - Validation passed: 'input': '/mnt/archive/work/slowney/demo/inputs/nfSS_small.csv' with 'assets/schema_input.json'
Aug-08 12:18:28.283 [main] DEBUG nextflow.validation.SchemaValidator - Finishing parameters validation
Aug-08 12:18:28.289 [main] WARN  nextflow.script.ScriptBinding - Access to undefined parameter `bwa` -- Initialise it to a default value eg. `params.bwa = some_value`
Aug-08 12:18:28.289 [main] WARN  nextflow.script.ScriptBinding - Access to undefined parameter `bwamem2` -- Initialise it to a default value eg. `params.bwamem2 = some_value`
Aug-08 12:18:28.291 [main] WARN  nextflow.script.ScriptBinding - Access to undefined parameter `fasta_dict` -- Initialise it to a default value eg. `params.fasta_dict = some_value`
Aug-08 12:18:28.292 [main] WARN  nextflow.script.ScriptBinding - Access to undefined parameter `fasta` -- Initialise it to a default value eg. `params.fasta = some_value`
Aug-08 12:18:28.293 [main] WARN  nextflow.script.ScriptBinding - Access to undefined parameter `fasta_fai` -- Initialise it to a default value eg. `params.fasta_fai = some_value`
Aug-08 12:18:28.296 [main] DEBUG nextflow.validation.SchemaValidator - Starting validation: '/mnt/archive/work/slowney/demo/inputs/nfSS_small.csv' with 'assets/schema_input.json'
Aug-08 12:18:28.302 [main] DEBUG nextflow.validation.SchemaValidator - Validation passed: '/mnt/archive/work/slowney/demo/inputs/nfSS_small.csv' with 'assets/schema_input.json'
Aug-08 12:18:28.418 [main] DEBUG nextflow.script.ProcessConfig - Config settings `withLabel:process_high` matches labels `process_high,sentieon` for process with name DEMO_YOURWORKFLOW:PREPREFERENCEGENOME:SENTIEON_BWAINDEX
Aug-08 12:18:28.422 [main] DEBUG nextflow.script.ProcessConfig - Config settings `withName:SENTIEON_BWAINDEX` matches process DEMO_YOURWORKFLOW:PREPREFERENCEGENOME:SENTIEON_BWAINDEX
Aug-08 12:18:28.440 [main] DEBUG nextflow.executor.ExecutorFactory - << taskConfig executor: null
Aug-08 12:18:28.441 [main] DEBUG nextflow.executor.ExecutorFactory - >> processorType: 'local'
Aug-08 12:18:28.451 [main] DEBUG nextflow.executor.Executor - [warm up] executor > local
Aug-08 12:18:28.460 [main] DEBUG n.processor.LocalPollingMonitor - Creating local task monitor for executor 'local' > cpus=64; memory=251.6 GB; capacity=64; pollInterval=100ms; dumpInterval=5m
Aug-08 12:18:28.463 [main] DEBUG n.processor.TaskPollingMonitor - >>> barrier register (monitor: local)
Aug-08 12:18:28.541 [main] DEBUG nextflow.script.ProcessConfig - Config settings `withLabel:process_single` matches labels `process_single` for process with name DEMO_YOURWORKFLOW:PREPREFERENCEGENOME:BWAMEM2_INDEX
Aug-08 12:18:28.542 [main] DEBUG nextflow.script.ProcessConfig - Config settings `withName:BWAMEM2_INDEX` matches process DEMO_YOURWORKFLOW:PREPREFERENCEGENOME:BWAMEM2_INDEX
Aug-08 12:18:28.547 [main] DEBUG nextflow.executor.ExecutorFactory - << taskConfig executor: null
Aug-08 12:18:28.548 [main] DEBUG nextflow.executor.ExecutorFactory - >> processorType: 'local'
Aug-08 12:18:28.566 [main] DEBUG nextflow.script.ProcessConfig - Config settings `withLabel:process_single` matches labels `process_single` for process with name DEMO_YOURWORKFLOW:PREPREFERENCEGENOME:SAMTOOLS_FAIDX
Aug-08 12:18:28.567 [main] DEBUG nextflow.script.ProcessConfig - Config settings `withName:SAMTOOLS_FAIDX` matches process DEMO_YOURWORKFLOW:PREPREFERENCEGENOME:SAMTOOLS_FAIDX
Aug-08 12:18:28.574 [main] DEBUG nextflow.executor.ExecutorFactory - << taskConfig executor: null
Aug-08 12:18:28.574 [main] DEBUG nextflow.executor.ExecutorFactory - >> processorType: 'local'
Aug-08 12:18:28.587 [main] DEBUG nextflow.script.ProcessConfig - Config settings `withLabel:process_medium` matches labels `process_medium` for process with name DEMO_YOURWORKFLOW:PREPREFERENCEGENOME:PICARD_CREATESEQUENCEDICTIONARY
Aug-08 12:18:28.588 [main] DEBUG nextflow.script.ProcessConfig - Config settings `withName:PICARD_CREATESEQUENCEDICTIONARY` matches process DEMO_YOURWORKFLOW:PREPREFERENCEGENOME:PICARD_CREATESEQUENCEDICTIONARY
Aug-08 12:18:28.593 [main] DEBUG nextflow.executor.ExecutorFactory - << taskConfig executor: null
Aug-08 12:18:28.593 [main] DEBUG nextflow.executor.ExecutorFactory - >> processorType: 'local'
Aug-08 12:18:28.660 [main] DEBUG nextflow.script.ProcessConfig - Config settings `withLabel:process_medium` matches labels `process_medium` for process with name DEMO_YOURWORKFLOW:YOURWORKFLOW:PROCESSFASTQ:PreprocessFASTQC
Aug-08 12:18:28.671 [main] DEBUG nextflow.executor.ExecutorFactory - << taskConfig executor: null
Aug-08 12:18:28.671 [main] DEBUG nextflow.executor.ExecutorFactory - >> processorType: 'local'
Aug-08 12:18:28.704 [main] DEBUG nextflow.script.ProcessConfig - Config settings `withLabel:process_single` matches labels `process_single` for process with name DEMO_YOURWORKFLOW:YOURWORKFLOW:PROCESSFASTQ:SEQTK_SAMPLE
Aug-08 12:18:28.705 [main] DEBUG nextflow.script.ProcessConfig - Config settings `withName:SEQTK_SAMPLE` matches process DEMO_YOURWORKFLOW:YOURWORKFLOW:PROCESSFASTQ:SEQTK_SAMPLE
Aug-08 12:18:28.709 [main] DEBUG nextflow.executor.ExecutorFactory - << taskConfig executor: null
Aug-08 12:18:28.709 [main] DEBUG nextflow.executor.ExecutorFactory - >> processorType: 'local'
Aug-08 12:18:28.734 [main] DEBUG nextflow.script.ProcessConfig - Config settings `withLabel:process_high` matches labels `process_high` for process with name DEMO_YOURWORKFLOW:YOURWORKFLOW:PROCESSFASTQ:TRIMGALORE
Aug-08 12:18:28.735 [main] DEBUG nextflow.script.ProcessConfig - Config settings `withName:TRIMGALORE` matches process DEMO_YOURWORKFLOW:YOURWORKFLOW:PROCESSFASTQ:TRIMGALORE
Aug-08 12:18:28.740 [main] DEBUG nextflow.executor.ExecutorFactory - << taskConfig executor: null
Aug-08 12:18:28.740 [main] DEBUG nextflow.executor.ExecutorFactory - >> processorType: 'local'
Aug-08 12:18:28.768 [main] DEBUG nextflow.script.ProcessConfig - Config settings `withLabel:process_medium` matches labels `process_medium` for process with name DEMO_YOURWORKFLOW:YOURWORKFLOW:PROCESSFASTQ:PostprocessFASTQC
Aug-08 12:18:28.773 [main] DEBUG nextflow.executor.ExecutorFactory - << taskConfig executor: null
Aug-08 12:18:28.774 [main] DEBUG nextflow.executor.ExecutorFactory - >> processorType: 'local'
Aug-08 12:18:28.807 [main] DEBUG nextflow.script.ProcessConfig - Config settings `withLabel:process_high` matches labels `process_high` for process with name DEMO_YOURWORKFLOW:YOURWORKFLOW:ALIGNREADS:BWAMEM2_MEM
Aug-08 12:18:28.809 [main] DEBUG nextflow.script.ProcessConfig - Config settings `withName:BWAMEM2_MEM` matches process DEMO_YOURWORKFLOW:YOURWORKFLOW:ALIGNREADS:BWAMEM2_MEM
Aug-08 12:18:28.814 [main] DEBUG nextflow.executor.ExecutorFactory - << taskConfig executor: null
Aug-08 12:18:28.814 [main] DEBUG nextflow.executor.ExecutorFactory - >> processorType: 'local'
Aug-08 12:18:28.834 [main] DEBUG nextflow.script.ProcessConfig - Config settings `withLabel:process_medium` matches labels `process_medium` for process with name DEMO_YOURWORKFLOW:YOURWORKFLOW:ALIGNREADS:PICARD_MARKDUPLICATES
Aug-08 12:18:28.836 [main] DEBUG nextflow.script.ProcessConfig - Config settings `withName:PICARD_MARKDUPLICATES` matches process DEMO_YOURWORKFLOW:YOURWORKFLOW:ALIGNREADS:PICARD_MARKDUPLICATES
Aug-08 12:18:28.844 [main] DEBUG nextflow.executor.ExecutorFactory - << taskConfig executor: null
Aug-08 12:18:28.844 [main] DEBUG nextflow.executor.ExecutorFactory - >> processorType: 'local'
Aug-08 12:18:28.900 [main] DEBUG nextflow.script.ProcessConfig - Config settings `withLabel:process_high` matches labels `process_high` for process with name DEMO_YOURWORKFLOW:YOURWORKFLOW:VARDICTJAVA
Aug-08 12:18:28.905 [main] DEBUG nextflow.executor.ExecutorFactory - << taskConfig executor: null
Aug-08 12:18:28.905 [main] DEBUG nextflow.executor.ExecutorFactory - >> processorType: 'local'
Aug-08 12:18:29.055 [main] DEBUG nextflow.script.ProcessConfig - Config settings `withLabel:process_single` matches labels `process_single` for process with name DEMO_YOURWORKFLOW:YOURWORKFLOW:MULTIQC
Aug-08 12:18:29.057 [main] DEBUG nextflow.script.ProcessConfig - Config settings `withName:MULTIQC` matches process DEMO_YOURWORKFLOW:YOURWORKFLOW:MULTIQC
Aug-08 12:18:29.061 [main] DEBUG nextflow.executor.ExecutorFactory - << taskConfig executor: null
Aug-08 12:18:29.061 [main] DEBUG nextflow.executor.ExecutorFactory - >> processorType: 'local'
Aug-08 12:18:29.082 [main] DEBUG nextflow.Session - Config process names validation disabled as requested
Aug-08 12:18:29.084 [main] DEBUG nextflow.Session - Igniting dataflow network (40)
Aug-08 12:18:29.093 [main] DEBUG nextflow.processor.TaskProcessor - Starting process > DEMO_YOURWORKFLOW:PREPREFERENCEGENOME:SENTIEON_BWAINDEX
Aug-08 12:18:29.093 [main] DEBUG nextflow.processor.TaskProcessor - Starting process > DEMO_YOURWORKFLOW:PREPREFERENCEGENOME:BWAMEM2_INDEX
Aug-08 12:18:29.094 [main] DEBUG nextflow.processor.TaskProcessor - Starting process > DEMO_YOURWORKFLOW:PREPREFERENCEGENOME:SAMTOOLS_FAIDX
Aug-08 12:18:29.095 [main] DEBUG nextflow.processor.TaskProcessor - Starting process > DEMO_YOURWORKFLOW:PREPREFERENCEGENOME:PICARD_CREATESEQUENCEDICTIONARY
Aug-08 12:18:29.097 [main] DEBUG nextflow.processor.TaskProcessor - Starting process > DEMO_YOURWORKFLOW:YOURWORKFLOW:PROCESSFASTQ:PreprocessFASTQC
Aug-08 12:18:29.098 [main] DEBUG nextflow.processor.TaskProcessor - Starting process > DEMO_YOURWORKFLOW:YOURWORKFLOW:PROCESSFASTQ:SEQTK_SAMPLE
Aug-08 12:18:29.099 [main] DEBUG nextflow.processor.TaskProcessor - Starting process > DEMO_YOURWORKFLOW:YOURWORKFLOW:PROCESSFASTQ:TRIMGALORE
Aug-08 12:18:29.100 [main] DEBUG nextflow.processor.TaskProcessor - Starting process > DEMO_YOURWORKFLOW:YOURWORKFLOW:PROCESSFASTQ:PostprocessFASTQC
Aug-08 12:18:29.101 [main] DEBUG nextflow.processor.TaskProcessor - Starting process > DEMO_YOURWORKFLOW:YOURWORKFLOW:ALIGNREADS:BWAMEM2_MEM
Aug-08 12:18:29.103 [main] DEBUG nextflow.processor.TaskProcessor - Starting process > DEMO_YOURWORKFLOW:YOURWORKFLOW:ALIGNREADS:PICARD_MARKDUPLICATES
Aug-08 12:18:29.104 [main] DEBUG nextflow.processor.TaskProcessor - Starting process > DEMO_YOURWORKFLOW:YOURWORKFLOW:VARDICTJAVA
Aug-08 12:18:29.105 [main] DEBUG nextflow.processor.TaskProcessor - Starting process > DEMO_YOURWORKFLOW:YOURWORKFLOW:MULTIQC
Aug-08 12:18:29.107 [main] DEBUG nextflow.script.ScriptRunner - Parsed script files:
  Script_d6715a92b793b124: /mnt/archive/work/slowney/demo/demo_yourworkflow/./subworkflows/idt/prepreferencegenome/../../../modules/idt/bwamem2/index/main.nf
  Script_78a38f6af741a872: /mnt/archive/work/slowney/demo/demo_yourworkflow/./workflows/../subworkflows/idt/processfastq/../../../modules/idt/seqtk/sample/main.nf
  Script_3e03cdfc36e5692f: /mnt/archive/work/slowney/demo/demo_yourworkflow/./workflows/../subworkflows/idt/alignreads/main.nf
  Script_6bfadcaa78d46819: /mnt/archive/work/slowney/demo/demo_yourworkflow/./workflows/../subworkflows/idt/processfastq/main.nf
  Script_9a9735536805ee91: /mnt/archive/work/slowney/demo/demo_yourworkflow/./workflows/../subworkflows/local/utils_nfcore_yourworkflow_pipeline/../../nf-core/utils_nfcore_pipeline/main.nf
  Script_fb4516a45aa8e76e: /mnt/archive/work/slowney/demo/demo_yourworkflow/./workflows/../subworkflows/idt/alignreads/../../../modules/idt/picard/sortsam/main.nf
  Script_b823dc8bc390700a: /mnt/archive/work/slowney/demo/demo_yourworkflow/./subworkflows/idt/prepreferencegenome/../../../modules/idt/sentieon/bwaindex/main.nf
  Script_83b74696d5889565: /mnt/archive/work/slowney/demo/demo_yourworkflow/./workflows/../subworkflows/idt/alignreads/../../../modules/idt/picard/markduplicates/main.nf
  Script_a0ac5529f4cefc6c: /mnt/archive/work/slowney/demo/demo_yourworkflow/./workflows/../subworkflows/idt/processfastq/../../../modules/idt/cutadapt/extractumi/main.nf
  Script_90ee3e01291da6b4: /mnt/archive/work/slowney/demo/demo_yourworkflow/./workflows/../modules/nf-core/vardictjava/main.nf
  Script_34a6e65ee7dbdbe0: /mnt/archive/work/slowney/demo/demo_yourworkflow/./workflows/../subworkflows/local/utils_nfcore_yourworkflow_pipeline/../../nf-core/utils_nextflow_pipeline/main.nf
  Script_00c73eee2fceb48c: /mnt/archive/work/slowney/demo/demo_yourworkflow/./subworkflows/idt/prepreferencegenome/main.nf
  Script_a7d371fe23db7aab: /mnt/archive/work/slowney/demo/demo_yourworkflow/./subworkflows/local/utils_nfcore_yourworkflow_pipeline/../../nf-core/utils_nfvalidation_plugin/main.nf
  Script_ccfc074ce1216f8c: /mnt/archive/work/slowney/demo/demo_yourworkflow/./subworkflows/idt/prepreferencegenome/../../../modules/idt/samtools/faidx/main.nf
  Script_ca3483cfbba7127f: /mnt/archive/work/slowney/demo/demo_yourworkflow/./workflows/../subworkflows/idt/processfastq/../../../modules/idt/fastqc/main.nf
  Script_90fc926e0915948b: /mnt/archive/work/slowney/demo/demo_yourworkflow/main.nf
  Script_8c5ab2a06c1905d8: /mnt/archive/work/slowney/demo/demo_yourworkflow/./workflows/../subworkflows/idt/processfastq/../../../modules/idt/trimgalore/main.nf
  Script_11299cb12a111d0f: /mnt/archive/work/slowney/demo/demo_yourworkflow/./workflows/../modules/nf-core/multiqc/main.nf
  Script_174d8d2cd26c4030: /mnt/archive/work/slowney/demo/demo_yourworkflow/./subworkflows/idt/prepreferencegenome/../../../modules/idt/picard/createsequencedictionary/main.nf
  Script_94d176d94d38b647: /mnt/archive/work/slowney/demo/demo_yourworkflow/./workflows/yourworkflow.nf
  Script_8e348777fcec4118: /mnt/archive/work/slowney/demo/demo_yourworkflow/./workflows/../subworkflows/idt/alignreads/../../../modules/idt/bwamem2/mem/main.nf
  Script_a9c3a13db5a5fab9: /mnt/archive/work/slowney/demo/demo_yourworkflow/./workflows/../subworkflows/idt/alignreads/../../../modules/idt/sentieon/bwamem/main.nf
  Script_59dd62a17d966966: /mnt/archive/work/slowney/demo/demo_yourworkflow/./subworkflows/local/utils_nfcore_yourworkflow_pipeline/main.nf
Aug-08 12:18:29.107 [main] DEBUG nextflow.script.ScriptRunner - > Awaiting termination 
Aug-08 12:18:29.107 [main] DEBUG nextflow.Session - Session await
Aug-08 12:18:29.254 [Actor Thread 46] DEBUG nextflow.conda.CondaCache - conda found local env for environment=/mnt/archive/work/slowney/demo/demo_yourworkflow/./workflows/../subworkflows/idt/processfastq/../../../modules/idt/fastqc/environment.yml; path=/mnt/archive/work/slowney/nf-components-demo/fastqc-a3039ef8f770a2096c89b9328aeb1e3f
Aug-08 12:18:29.254 [Actor Thread 47] DEBUG nextflow.conda.CondaCache - conda found local env for environment=/mnt/archive/work/slowney/demo/demo_yourworkflow/./workflows/../subworkflows/idt/processfastq/../../../modules/idt/seqtk/sample/environment.yml; path=/mnt/archive/work/slowney/nf-components-demo/seqtk_sample-8a3c649f661548391404e5b621f07e2e
Aug-08 12:18:29.354 [Actor Thread 52] DEBUG nextflow.sort.BigSort - Sort completed -- entries: 1; slices: 1; internal sort time: 0.002 s; external sort time: 0.015 s; total time: 0.017 s
Aug-08 12:18:29.354 [Actor Thread 58] DEBUG nextflow.sort.BigSort - Sort completed -- entries: 1; slices: 1; internal sort time: 0.002 s; external sort time: 0.015 s; total time: 0.017 s
Aug-08 12:18:29.363 [Task submitter] DEBUG n.executor.local.LocalTaskHandler - Launch cmd line: /bin/bash -ue .command.run
Aug-08 12:18:29.365 [Task submitter] INFO  nextflow.Session - [07/a747a2] Submitted process > DEMO_YOURWORKFLOW:YOURWORKFLOW:PROCESSFASTQ:SEQTK_SAMPLE (test_sample1)
Aug-08 12:18:29.382 [Task submitter] DEBUG n.executor.local.LocalTaskHandler - Launch cmd line: /bin/bash -ue .command.run
Aug-08 12:18:29.383 [Task submitter] INFO  nextflow.Session - [e3/547efa] Submitted process > DEMO_YOURWORKFLOW:YOURWORKFLOW:PROCESSFASTQ:PreprocessFASTQC (test_sample1)
Aug-08 12:18:29.385 [Actor Thread 58] DEBUG nextflow.file.FileCollector - Saved collect-files list to: /mnt/archive/work/slowney/demo/demo_yourworkflow/work/collect-file/4167d78cc55c048c070db6333eb26887
Aug-08 12:18:29.385 [Actor Thread 52] DEBUG nextflow.file.FileCollector - Saved collect-files list to: /mnt/archive/work/slowney/demo/demo_yourworkflow/work/collect-file/8d5e32b5f4eb5f137848eb204beb6a11
Aug-08 12:18:29.397 [Actor Thread 52] DEBUG nextflow.file.FileCollector - Deleting file collector temp dir: /tmp/nxf-5004859556123605956
Aug-08 12:18:29.397 [Actor Thread 58] DEBUG nextflow.file.FileCollector - Deleting file collector temp dir: /tmp/nxf-4610064744665701744
Aug-08 12:18:31.838 [Task monitor] DEBUG n.processor.TaskPollingMonitor - Task completed > TaskHandler[id: 6; name: DEMO_YOURWORKFLOW:YOURWORKFLOW:PROCESSFASTQ:SEQTK_SAMPLE (test_sample1); status: COMPLETED; exit: 0; error: -; workDir: /mnt/archive/work/slowney/demo/demo_yourworkflow/work/07/a747a2a6bbc31e09675f7426cd9d4d]
Aug-08 12:18:31.839 [Task monitor] DEBUG nextflow.util.ThreadPoolBuilder - Creating thread pool 'TaskFinalizer' minSize=10; maxSize=192; workQueue=LinkedBlockingQueue[10000]; allowCoreThreadTimeout=false
Aug-08 12:18:31.887 [Actor Thread 59] DEBUG nextflow.conda.CondaCache - conda found local env for environment=/mnt/archive/work/slowney/demo/demo_yourworkflow/./workflows/../subworkflows/idt/processfastq/../../../modules/idt/trimgalore/environment.yml; path=/mnt/archive/work/slowney/nf-components-demo/trimgalore-3d3b5331bf1527f66980feef981e170e
Aug-08 12:18:31.892 [TaskFinalizer-1] DEBUG nextflow.util.ThreadPoolBuilder - Creating thread pool 'PublishDir' minSize=10; maxSize=192; workQueue=LinkedBlockingQueue[10000]; allowCoreThreadTimeout=false
Aug-08 12:18:31.910 [Task submitter] DEBUG n.executor.local.LocalTaskHandler - Launch cmd line: /bin/bash -ue .command.run
Aug-08 12:18:31.911 [Task submitter] INFO  nextflow.Session - [44/16044c] Submitted process > DEMO_YOURWORKFLOW:YOURWORKFLOW:PROCESSFASTQ:TRIMGALORE (test_sample1)
Aug-08 12:18:35.471 [Task monitor] DEBUG n.processor.TaskPollingMonitor - Task completed > TaskHandler[id: 5; name: DEMO_YOURWORKFLOW:YOURWORKFLOW:PROCESSFASTQ:PreprocessFASTQC (test_sample1); status: COMPLETED; exit: 0; error: -; workDir: /mnt/archive/work/slowney/demo/demo_yourworkflow/work/e3/547efab427cda1f957fe458322931b]
Aug-08 12:18:36.777 [Task monitor] DEBUG n.processor.TaskPollingMonitor - Task completed > TaskHandler[id: 7; name: DEMO_YOURWORKFLOW:YOURWORKFLOW:PROCESSFASTQ:TRIMGALORE (test_sample1); status: COMPLETED; exit: 0; error: -; workDir: /mnt/archive/work/slowney/demo/demo_yourworkflow/work/44/16044c660d36c1e855b1f806c47d3a]
Aug-08 12:18:36.874 [TaskFinalizer-3] DEBUG nextflow.processor.TaskProcessor - Process DEMO_YOURWORKFLOW:YOURWORKFLOW:PROCESSFASTQ:TRIMGALORE > Skipping output binding because one or more optional files are missing: fileoutparam<2:1>
Aug-08 12:18:36.875 [TaskFinalizer-3] DEBUG nextflow.processor.TaskProcessor - Process DEMO_YOURWORKFLOW:YOURWORKFLOW:PROCESSFASTQ:TRIMGALORE > Skipping output binding because one or more optional files are missing: fileoutparam<3:1>
Aug-08 12:18:36.877 [TaskFinalizer-3] DEBUG nextflow.processor.TaskProcessor - Process DEMO_YOURWORKFLOW:YOURWORKFLOW:PROCESSFASTQ:TRIMGALORE > Skipping output binding because one or more optional files are missing: fileoutparam<4:1>
Aug-08 12:18:36.897 [Actor Thread 55] DEBUG nextflow.conda.CondaCache - conda found local env for environment=/mnt/archive/work/slowney/demo/demo_yourworkflow/./workflows/../subworkflows/idt/alignreads/../../../modules/idt/bwamem2/mem/environment.yml; path=/mnt/archive/work/slowney/nf-components-demo/bwamem2_mem-a6424082e434be907c8412dd32a03c23
Aug-08 12:18:36.925 [Task submitter] DEBUG n.executor.local.LocalTaskHandler - Launch cmd line: /bin/bash -ue .command.run
Aug-08 12:18:36.926 [Task submitter] INFO  nextflow.Session - [cc/7f7e39] Submitted process > DEMO_YOURWORKFLOW:YOURWORKFLOW:PROCESSFASTQ:PostprocessFASTQC (test_sample1)
Aug-08 12:18:36.942 [Task submitter] DEBUG n.executor.local.LocalTaskHandler - Launch cmd line: /bin/bash -ue .command.run
Aug-08 12:18:36.957 [Task submitter] INFO  nextflow.Session - [7d/262f5a] Submitted process > DEMO_YOURWORKFLOW:YOURWORKFLOW:ALIGNREADS:BWAMEM2_MEM (test_sample1)
Aug-08 12:18:40.806 [Task monitor] DEBUG n.processor.TaskPollingMonitor - Task completed > TaskHandler[id: 9; name: DEMO_YOURWORKFLOW:YOURWORKFLOW:PROCESSFASTQ:PostprocessFASTQC (test_sample1); status: COMPLETED; exit: 0; error: -; workDir: /mnt/archive/work/slowney/demo/demo_yourworkflow/work/cc/7f7e399a2c1851d463b4292a041a58]
Aug-08 12:18:55.842 [Task monitor] DEBUG n.processor.TaskPollingMonitor - Task completed > TaskHandler[id: 8; name: DEMO_YOURWORKFLOW:YOURWORKFLOW:ALIGNREADS:BWAMEM2_MEM (test_sample1); status: COMPLETED; exit: 0; error: -; workDir: /mnt/archive/work/slowney/demo/demo_yourworkflow/work/7d/262f5a683566cf594c57916fa575c2]
Aug-08 12:18:55.863 [TaskFinalizer-5] DEBUG nextflow.processor.TaskProcessor - Process DEMO_YOURWORKFLOW:YOURWORKFLOW:ALIGNREADS:BWAMEM2_MEM > Skipping output binding because one or more optional files are missing: fileoutparam<0:1>
Aug-08 12:18:55.863 [TaskFinalizer-5] DEBUG nextflow.processor.TaskProcessor - Process DEMO_YOURWORKFLOW:YOURWORKFLOW:ALIGNREADS:BWAMEM2_MEM > Skipping output binding because one or more optional files are missing: fileoutparam<2:1>
Aug-08 12:18:55.864 [TaskFinalizer-5] DEBUG nextflow.processor.TaskProcessor - Process DEMO_YOURWORKFLOW:YOURWORKFLOW:ALIGNREADS:BWAMEM2_MEM > Skipping output binding because one or more optional files are missing: fileoutparam<3:1>
Aug-08 12:18:55.865 [TaskFinalizer-5] DEBUG nextflow.processor.TaskProcessor - Process DEMO_YOURWORKFLOW:YOURWORKFLOW:ALIGNREADS:BWAMEM2_MEM > Skipping output binding because one or more optional files are missing: fileoutparam<4:1>
Aug-08 12:18:55.882 [Actor Thread 59] DEBUG nextflow.conda.CondaCache - conda found local env for environment=/mnt/archive/work/slowney/demo/demo_yourworkflow/./workflows/../subworkflows/idt/alignreads/../../../modules/idt/picard/markduplicates/environment.yml; path=/mnt/archive/work/slowney/nf-components-demo/picard_markduplicates-b9af3ca82fd7806a10cdbbeca450e390
Aug-08 12:18:55.905 [Task submitter] DEBUG n.executor.local.LocalTaskHandler - Launch cmd line: /bin/bash -ue .command.run
Aug-08 12:18:55.906 [Task submitter] INFO  nextflow.Session - [bf/42b7d1] Submitted process > DEMO_YOURWORKFLOW:YOURWORKFLOW:ALIGNREADS:PICARD_MARKDUPLICATES (test_sample1)
Aug-08 12:19:09.634 [Task monitor] DEBUG n.processor.TaskPollingMonitor - Task completed > TaskHandler[id: 10; name: DEMO_YOURWORKFLOW:YOURWORKFLOW:ALIGNREADS:PICARD_MARKDUPLICATES (test_sample1); status: COMPLETED; exit: 0; error: -; workDir: /mnt/archive/work/slowney/demo/demo_yourworkflow/work/bf/42b7d199988d0c3a700b548744c1db]
Aug-08 12:19:09.646 [TaskFinalizer-6] DEBUG nextflow.processor.TaskProcessor - Process DEMO_YOURWORKFLOW:YOURWORKFLOW:ALIGNREADS:PICARD_MARKDUPLICATES > Skipping output binding because one or more optional files are missing: fileoutparam<2:1>
Aug-08 12:19:09.671 [Actor Thread 59] DEBUG nextflow.conda.CondaCache - conda found local env for environment=/mnt/archive/work/slowney/demo/demo_yourworkflow/./workflows/../modules/nf-core/vardictjava/environment.yml; path=/mnt/archive/work/slowney/nf-components-demo/vardictjava-e1e287fe12bd6f9ce2f33ae0491f4589
Aug-08 12:19:09.690 [Task submitter] DEBUG n.executor.local.LocalTaskHandler - Launch cmd line: /bin/bash -ue .command.run
Aug-08 12:19:09.691 [Task submitter] INFO  nextflow.Session - [e2/a4ec1b] Submitted process > DEMO_YOURWORKFLOW:YOURWORKFLOW:VARDICTJAVA (test_sample1)
Aug-08 12:19:51.197 [Task monitor] DEBUG n.processor.TaskPollingMonitor - Task completed > TaskHandler[id: 11; name: DEMO_YOURWORKFLOW:YOURWORKFLOW:VARDICTJAVA (test_sample1); status: COMPLETED; exit: 0; error: -; workDir: /mnt/archive/work/slowney/demo/demo_yourworkflow/work/e2/a4ec1bc57b2c8889679d8ec467769a]
Aug-08 12:19:51.221 [Actor Thread 59] DEBUG nextflow.sort.BigSort - Sort completed -- entries: 8; slices: 1; internal sort time: 0.005 s; external sort time: 0.003 s; total time: 0.008 s
Aug-08 12:19:51.256 [Actor Thread 59] DEBUG nextflow.file.FileCollector - Saved collect-files list to: /mnt/archive/work/slowney/demo/demo_yourworkflow/work/collect-file/9f1b8e5133ad364dfa90e68455f2ae66
Aug-08 12:19:51.259 [Actor Thread 59] DEBUG nextflow.file.FileCollector - Deleting file collector temp dir: /tmp/nxf-14589851093679737299
Aug-08 12:19:51.270 [Actor Thread 59] DEBUG nextflow.conda.CondaCache - conda found local env for environment=/mnt/archive/work/slowney/demo/demo_yourworkflow/./workflows/../modules/nf-core/multiqc/environment.yml; path=/mnt/archive/work/slowney/nf-components-demo/multiqc-3c79c19229373363894cae5853672dde
Aug-08 12:19:51.296 [Task submitter] DEBUG n.executor.local.LocalTaskHandler - Launch cmd line: /bin/bash -ue .command.run
Aug-08 12:19:51.296 [Task submitter] INFO  nextflow.Session - [a6/b53f1d] Submitted process > DEMO_YOURWORKFLOW:YOURWORKFLOW:MULTIQC
Aug-08 12:19:56.246 [Task monitor] DEBUG n.processor.TaskPollingMonitor - Task completed > TaskHandler[id: 12; name: DEMO_YOURWORKFLOW:YOURWORKFLOW:MULTIQC; status: COMPLETED; exit: 0; error: -; workDir: /mnt/archive/work/slowney/demo/demo_yourworkflow/work/a6/b53f1d3acbd7b28b1a9d9688f82064]
Aug-08 12:19:56.261 [main] DEBUG nextflow.Session - Session await > all processes finished
Aug-08 12:19:56.346 [Task monitor] DEBUG n.processor.TaskPollingMonitor - <<< barrier arrives (monitor: local) - terminating tasks monitor poll loop
Aug-08 12:19:56.346 [main] DEBUG nextflow.Session - Session await > all barriers passed
Aug-08 12:19:56.353 [main] DEBUG nextflow.util.ThreadPoolManager - Thread pool 'TaskFinalizer' shutdown completed (hard=false)
Aug-08 12:19:56.354 [main] DEBUG nextflow.util.ThreadPoolManager - Thread pool 'PublishDir' shutdown completed (hard=false)
Aug-08 12:19:56.362 [main] INFO  nextflow.Nextflow - -[0;35m[demo/yourworkflow][0;32m Pipeline completed successfully[0m-
Aug-08 12:19:56.372 [main] DEBUG n.trace.WorkflowStatsObserver - Workflow completed > WorkflowStats[succeededCount=8; failedCount=0; ignoredCount=0; cachedCount=0; pendingCount=0; submittedCount=0; runningCount=0; retriesCount=0; abortedCount=0; succeedDuration=12m 34s; failedDuration=0ms; cachedDuration=0ms;loadCpus=0; loadMemory=0; peakRunning=2; peakCpus=18; peakMemory=108 GB; ]
Aug-08 12:19:56.372 [main] DEBUG nextflow.trace.TraceFileObserver - Workflow completed -- saving trace file
Aug-08 12:19:56.376 [main] DEBUG nextflow.trace.ReportObserver - Workflow completed -- rendering execution report
Aug-08 12:19:57.315 [main] DEBUG nextflow.trace.TimelineObserver - Workflow completed -- rendering execution timeline
Aug-08 12:19:57.521 [main] DEBUG nextflow.cache.CacheDB - Closing CacheDB done
Aug-08 12:19:57.541 [main] INFO  org.pf4j.AbstractPluginManager - Stop plugin 'nf-validation@1.1.3'
Aug-08 12:19:57.541 [main] DEBUG nextflow.plugin.BasePlugin - Plugin stopped nf-validation
Aug-08 12:19:57.543 [main] DEBUG nextflow.util.ThreadPoolManager - Thread pool 'FileTransfer' shutdown completed (hard=false)
Aug-08 12:19:57.545 [main] DEBUG nextflow.script.ScriptRunner - > Execution complete -- Goodbye
