12:14:48.798 INFO  NativeLibraryLoader - Loading libgkl_compression.so from jar:file:/mnt/archive/work/slowney/nf-components-demo/picard_markduplicates-b9af3ca82fd7806a10cdbbeca450e390/share/picard-3.2.0-0/picard.jar!/com/intel/gkl/native/libgkl_compression.so
[Thu Aug 08 12:14:48 CDT 2024] MarkDuplicates --INPUT test_sample1.bwa2.IDT.hg19.local.Aligned.bam --OUTPUT test_sample1.bwa2.IDT.hg19.local.DupMarked.bam --METRICS_FILE test_sample1.bwa2.IDT.hg19.local.DupMarked.MarkDuplicates.metrics.txt --CREATE_INDEX true --REFERENCE_SEQUENCE hg19_primary.fa --MAX_SEQUENCES_FOR_DISK_READ_ENDS_MAP 50000 --MAX_FILE_HANDLES_FOR_READ_ENDS_MAP 8000 --SORTING_COLLECTION_SIZE_RATIO 0.25 --TAG_DUPLICATE_SET_MEMBERS false --REMOVE_SEQUENCING_DUPLICATES false --TAGGING_POLICY DontTag --CLEAR_DT true --DUPLEX_UMI false --FLOW_MODE false --FLOW_DUP_STRATEGY FLOW_QUALITY_SUM_STRATEGY --USE_END_IN_UNPAIRED_READS false --USE_UNPAIRED_CLIPPED_END false --UNPAIRED_END_UNCERTAINTY 0 --UNPAIRED_START_UNCERTAINTY 0 --FLOW_SKIP_FIRST_N_FLOWS 0 --FLOW_Q_IS_KNOWN_END false --FLOW_EFFECTIVE_QUALITY_THRESHOLD 15 --ADD_PG_TAG_TO_READS true --REMOVE_DUPLICATES false --ASSUME_SORTED false --DUPLICATE_SCORING_STRATEGY SUM_OF_BASE_QUALITIES --PROGRAM_RECORD_ID MarkDuplicates --PROGRAM_GROUP_NAME MarkDuplicates --READ_NAME_REGEX <optimized capture of last three ':' separated fields as numeric values> --OPTICAL_DUPLICATE_PIXEL_DISTANCE 100 --MAX_OPTICAL_DUPLICATE_SET_SIZE 300000 --VERBOSITY INFO --QUIET false --VALIDATION_STRINGENCY STRICT --COMPRESSION_LEVEL 5 --MAX_RECORDS_IN_RAM 500000 --CREATE_MD5_FILE false --help false --version false --showHidden false --USE_JDK_DEFLATER false --USE_JDK_INFLATER false
[Thu Aug 08 12:14:49 CDT 2024] Executing as slowney@CorHPC03 on Linux 4.18.0-513.24.1.el8_9.x86_64 amd64; OpenJDK 64-Bit Server VM 22.0.1-internal-adhoc.conda.src; Deflater: Intel; Inflater: Intel; Provider GCS is available; Picard version: Version:3.2.0-1-g3948afb6b
INFO	2024-08-08 12:14:49	MarkDuplicates	Start of doWork freeMemory: 324500272; totalMemory: 335544320; maxMemory: 30937186304
INFO	2024-08-08 12:14:49	MarkDuplicates	Reading input file and constructing read end information.
INFO	2024-08-08 12:14:49	MarkDuplicates	Will retain up to 112091254 data points before spilling to disk.
INFO	2024-08-08 12:14:50	MarkDuplicates	Read 10003 records. 0 pairs never matched.
INFO	2024-08-08 12:14:50	MarkDuplicates	After buildSortedReadEndLists freeMemory: 826364656; totalMemory: 1744830464; maxMemory: 30937186304
INFO	2024-08-08 12:14:50	MarkDuplicates	Will retain up to 966787072 duplicate indices before spilling to disk.
INFO	2024-08-08 12:14:55	MarkDuplicates	Traversing read pair information and detecting duplicates.
INFO	2024-08-08 12:14:56	MarkDuplicates	Traversing fragment information and detecting duplicates.
INFO	2024-08-08 12:14:56	MarkDuplicates	Sorting list of duplicate records.
INFO	2024-08-08 12:14:56	MarkDuplicates	After generateDuplicateIndexes freeMemory: 6917278984; totalMemory: 14680064000; maxMemory: 30937186304
INFO	2024-08-08 12:14:56	MarkDuplicates	Marking 14 records as duplicates.
INFO	2024-08-08 12:14:56	MarkDuplicates	Found 1 optical duplicate clusters.
INFO	2024-08-08 12:14:56	MarkDuplicates	Reads are assumed to be ordered by: coordinate
INFO	2024-08-08 12:14:56	MarkDuplicates	Writing complete. Closing input iterator.
INFO	2024-08-08 12:14:56	MarkDuplicates	Duplicate Index cleanup.
INFO	2024-08-08 12:14:56	MarkDuplicates	Getting Memory Stats.
INFO	2024-08-08 12:14:56	MarkDuplicates	Before output close freeMemory: 769547112; totalMemory: 788529152; maxMemory: 30937186304
INFO	2024-08-08 12:14:56	MarkDuplicates	Closed outputs. Getting more Memory Stats.
INFO	2024-08-08 12:14:56	MarkDuplicates	After output close freeMemory: 222620304; totalMemory: 234881024; maxMemory: 30937186304
[Thu Aug 08 12:14:56 CDT 2024] picard.sam.markduplicates.MarkDuplicates done. Elapsed time: 0.13 minutes.
Runtime.totalMemory()=234881024
