[2024-08-08 12:19:53,987] multiqc                                            [DEBUG  ]  This is MultiQC v1.21
[2024-08-08 12:19:53,990] multiqc                                            [DEBUG  ]  Loading config settings from: multiqc_config.yml
[2024-08-08 12:19:53,990] multiqc                                            [DEBUG  ]  New config: {'report_comment': 'This report has been generated by the <a href="https://github.com/demo/yourworkflow/tree/dev" target="_blank">demo/yourworkflow</a> analysis pipeline.\n', 'report_section_order': {'demo-yourworkflow-methods-description': {'order': -1000}, 'software_versions': {'order': -1001}, 'demo-yourworkflow-summary': {'order': -1002}}, 'export_plots': True, 'disable_version_detection': True}
[2024-08-08 12:19:53,992] multiqc                                            [DEBUG  ]  Loading config settings from: multiqc_config.yml
[2024-08-08 12:19:53,992] multiqc                                            [DEBUG  ]  New config: {'report_comment': 'This report has been generated by the <a href="https://github.com/demo/yourworkflow/tree/dev" target="_blank">demo/yourworkflow</a> analysis pipeline.\n', 'report_section_order': {'demo-yourworkflow-methods-description': {'order': -1000}, 'software_versions': {'order': -1001}, 'demo-yourworkflow-summary': {'order': -1002}}, 'export_plots': True, 'disable_version_detection': True}
[2024-08-08 12:19:53,992] multiqc                                            [DEBUG  ]  Command used: /mnt/archive/work/slowney/nf-components-demo/multiqc-3c79c19229373363894cae5853672dde/bin/multiqc --force --config multiqc_config.yml .
[2024-08-08 12:19:54,498] multiqc                                            [WARNING]  MultiQC Version v1.23 now available!
[2024-08-08 12:19:54,498] multiqc                                            [DEBUG  ]  Latest MultiQC version is v1.23, released 2024-07-09
[2024-08-08 12:19:54,498] multiqc                                            [DEBUG  ]  Working dir : /mnt/archive/work/slowney/demo/demo_yourworkflow/work/a6/b53f1d3acbd7b28b1a9d9688f82064
[2024-08-08 12:19:54,498] multiqc                                            [DEBUG  ]  Template    : default
[2024-08-08 12:19:54,498] multiqc                                            [DEBUG  ]  Running Python 3.12.4 | packaged by conda-forge | (main, Jun 17 2024, 10:23:07) [GCC 12.3.0]
[2024-08-08 12:19:54,499] multiqc                                            [DEBUG  ]  Analysing modules: custom_content, ccs, ngsderive, purple, conpair, isoseq, lima, peddy, somalier, methylqa, mosdepth, phantompeakqualtools, qualimap, bamdst, preseq, hifiasm, quast, qorts, rna_seqc, rockhopper, rsem, rseqc, busco, bustools, goleft_indexcov, gffcompare, disambiguate, supernova, deeptools, sargasso, verifybamid, mirtrace, happy, mirtop, sambamba, gopeaks, homer, hops, macs2, theta2, snpeff, gatk, htseq, bcftools, featureCounts, fgbio, dragen, dragen_fastqc, dedup, pbmarkdup, damageprofiler, mapdamage, biobambam2, jcvi, mtnucratio, picard, vep, bakta, prokka, qc3C, nanostat, samblaster, samtools, sexdeterrmine, seqera_cli, eigenstratdatabasetools, bamtools, jellyfish, vcftools, longranger, stacks, varscan2, snippy, umitools, truvari, megahit, bbmap, bismark, biscuit, diamond, hicexplorer, hicup, hicpro, salmon, kallisto, slamdunk, star, hisat2, tophat, bowtie2, bowtie1, cellranger, snpsplit, odgi, pangolin, nextclade, freyja, humid, kat, leehom, librarian, nonpareil, adapterRemoval, bbduk, clipandmerge, cutadapt, flexbar, sourmash, kaiju, bracken, kraken, malt, motus, trimmomatic, sickle, skewer, sortmerna, biobloomtools, fastq_screen, afterqc, fastp, fastqc, filtlong, prinseqplusplus, pychopper, porechop, pycoqc, minionqc, anglerfish, multivcfanalyzer, clusterflow, checkqc, bcl2fastq, bclconvert, interop, ivar, flash, seqyclean, optitype, whatshap, spaceranger, xenome, xengsort, metaphlan, seqwho
[2024-08-08 12:19:54,499] multiqc                                            [DEBUG  ]  Using temporary directory for creating report: /tmp/tmpiu_phph6
[2024-08-08 12:19:54,502] multiqc                                            [INFO   ]  Search path : /mnt/archive/work/slowney/demo/demo_yourworkflow/work/a6/b53f1d3acbd7b28b1a9d9688f82064
[2024-08-08 12:19:54,637] multiqc                                            [DEBUG  ]  Summary of files that were skipped by the search: [skipped_no_match: 8] // [skipped_module_specific_max_filesize: 6]
[2024-08-08 12:19:54,685] multiqc.modules.custom_content.custom_content      [INFO   ]  demo-yourworkflow-methods-description: Found 1 sample (html)
[2024-08-08 12:19:54,685] multiqc.modules.custom_content.custom_content      [INFO   ]  demo-yourworkflow-summary: Found 1 sample (html)
[2024-08-08 12:19:54,685] multiqc.utils.software_versions                    [DEBUG  ]  Reading software versions from config.software_versions
[2024-08-08 12:19:54,686] multiqc.utils.software_versions                    [DEBUG  ]  Reading software versions settings from: 3/nf_core_pipeline_software_mqc_versions.yml
[2024-08-08 12:19:54,689] multiqc.utils.util_functions                       [DEBUG  ]  Wrote data file multiqc_software_versions.txt
[2024-08-08 12:19:54,690] multiqc                                            [DEBUG  ]  Reordering sections: anchor 'software_versions' not found.
[2024-08-08 12:19:54,690] multiqc                                            [DEBUG  ]  Reordering sections: anchor 'demo-yourworkflow-methods-description' not found for module 'Software Versions'.
[2024-08-08 12:19:54,690] multiqc                                            [DEBUG  ]  Reordering sections: anchor 'software_versions' not found for module 'Software Versions'.
[2024-08-08 12:19:54,690] multiqc                                            [DEBUG  ]  Reordering sections: anchor 'demo-yourworkflow-summary' not found for module 'Software Versions'.
[2024-08-08 12:19:54,690] multiqc                                            [DEBUG  ]  Reordering sections: anchor 'demo-yourworkflow-methods-description' not found for module 'demo/yourworkflow Methods Description'.
[2024-08-08 12:19:54,690] multiqc                                            [DEBUG  ]  Reordering sections: anchor 'software_versions' not found for module 'demo/yourworkflow Methods Description'.
[2024-08-08 12:19:54,690] multiqc                                            [DEBUG  ]  Reordering sections: anchor 'demo-yourworkflow-summary' not found for module 'demo/yourworkflow Methods Description'.
[2024-08-08 12:19:54,690] multiqc                                            [DEBUG  ]  Reordering sections: anchor 'demo-yourworkflow-methods-description' not found for module 'demo/yourworkflow Workflow Summary'.
[2024-08-08 12:19:54,690] multiqc                                            [DEBUG  ]  Reordering sections: anchor 'software_versions' not found for module 'demo/yourworkflow Workflow Summary'.
[2024-08-08 12:19:54,690] multiqc                                            [DEBUG  ]  Reordering sections: anchor 'demo-yourworkflow-summary' not found for module 'demo/yourworkflow Workflow Summary'.
[2024-08-08 12:19:54,691] multiqc                                            [DEBUG  ]  Compressing plot data
[2024-08-08 12:19:54,691] multiqc.utils.util_functions                       [DEBUG  ]  Wrote data file multiqc_data.json
[2024-08-08 12:19:54,692] multiqc                                            [INFO   ]  Report      : multiqc_report.html
[2024-08-08 12:19:54,692] multiqc                                            [INFO   ]  Data        : multiqc_data
[2024-08-08 12:19:54,692] multiqc                                            [DEBUG  ]  Moving data file from '/tmp/tmpiu_phph6/multiqc_data' to '/mnt/archive/work/slowney/demo/demo_yourworkflow/work/a6/b53f1d3acbd7b28b1a9d9688f82064/multiqc_data'
[2024-08-08 12:19:54,707] multiqc                                            [DEBUG  ]  Full report path: /mnt/archive/work/slowney/demo/demo_yourworkflow/work/a6/b53f1d3acbd7b28b1a9d9688f82064/multiqc_report.html
[2024-08-08 12:19:54,707] multiqc                                            [INFO   ]  Plots       : multiqc_plots
[2024-08-08 12:19:54,707] multiqc                                            [DEBUG  ]  Moving plots directory from '/tmp/tmpiu_phph6/multiqc_plots' to '/mnt/archive/work/slowney/demo/demo_yourworkflow/work/a6/b53f1d3acbd7b28b1a9d9688f82064/multiqc_plots'
[2024-08-08 12:19:54,920] multiqc                                            [INFO   ]  MultiQC complete
